This is pdfTeXk, Version 3.141592-1.40.3 (Web2C 7.5.6) (format=pdflatex 2016.11.2)  23 DEC 2016 17:50
entering extended mode
 %&-line parsing enabled.
**manual
(./manual.tex
LaTeX2e <2005/12/01>
Babel <v3.8h> and hyphenation patterns for english, usenglishmax, dumylang, noh
yphenation, arabic, basque, bulgarian, coptic, welsh, czech, slovak, german, ng
erman, danish, esperanto, spanish, catalan, galician, estonian, farsi, finnish,
 french, greek, monogreek, ancientgreek, croatian, hungarian, interlingua, ibyc
us, indonesian, icelandic, italian, latin, mongolian, dutch, norsk, polish, por
tuguese, pinyin, romanian, russian, slovenian, uppersorbian, serbian, swedish, 
turkish, ukenglish, ukrainian, loaded.
(./header.tex
\headerfooter=\count79
 (/usr/share/texmf/tex/latex/base/book.cls
Document Class: book 2005/09/16 v1.4f Standard LaTeX document class
(/usr/share/texmf/tex/latex/base/bk10.clo
File: bk10.clo 2005/09/16 v1.4f Standard LaTeX file (size option)
)
\c@part=\count80
\c@chapter=\count81
\c@section=\count82
\c@subsection=\count83
\c@subsubsection=\count84
\c@paragraph=\count85
\c@subparagraph=\count86
\c@figure=\count87
\c@table=\count88
\abovecaptionskip=\skip41
\belowcaptionskip=\skip42
\bibindent=\dimen102
)
(/usr/share/texmf/tex/latex/ntgclass/a4.sty
Package: a4 2004/04/15 v1.2g A4 based page layout
) (./index.sty
Package: index 1995/09/28 v4.1beta Improved index support (dmj)
\@indexbox=\insert233
\indexproofstyle=\toks14


LaTeX Warning: Command \markboth  has changed.
               Check if current package is valid.


LaTeX Warning: Command \markright  has changed.
               Check if current package is valid.

) (/usr/share/texmf/tex/latex/graphics/graphics.sty
Package: graphics 2006/02/20 v1.0o Standard LaTeX Graphics (DPC,SPQR)

(/usr/share/texmf/tex/latex/graphics/trig.sty
Package: trig 1999/03/16 v1.09 sin cos tan (DPC)
)
(/usr/share/texmf/tex/latex/config/graphics.cfg
File: graphics.cfg 2007/01/18 v1.5 graphics configuration of teTeX/TeXLive
)
Package graphics Info: Driver file: pdftex.def on input line 90.

(/usr/share/texmf/tex/latex/pdftex-def/pdftex.def
File: pdftex.def 2007/01/08 v0.04d Graphics/color for pdfTeX
\Gread@gobject=\count89
))
(/usr/share/texmf/tex/latex/tools/varioref.sty
Package: varioref 2006/05/13 v1.4p package for extended references (FMi)
\c@vrcnt=\count90
)
(/usr/share/texmf/tex/latex/tools/theorem.sty
Package: theorem 1995/11/23 v2.2c Theorem extension package (FMi)
\theorem@style=\toks15
\theorem@bodyfont=\toks16
\theorempreskipamount=\skip43
\theorempostskipamount=\skip44

(/usr/share/texmf/tex/latex/tools/thp.sty
File: thp.sty 1995/11/23 v2.2c Theorem extension package (FMi)
))
(/usr/share/texmf/tex/latex/tools/xspace.sty
Package: xspace 2006/05/08 v1.12 Space after command names (DPC,MH)
)
(/usr/share/texmf/tex/latex/tools/tabularx.sty
Package: tabularx 1999/01/07 v2.07 `tabularx' package (DPC)

(/usr/share/texmf/tex/latex/tools/array.sty
Package: array 2005/08/23 v2.4b Tabular extension package (FMi)
\col@sep=\dimen103
\extrarowheight=\dimen104
\NC@list=\toks17
\extratabsurround=\skip45
\backup@length=\skip46
)
\TX@col@width=\dimen105
\TX@old@table=\dimen106
\TX@old@col=\dimen107
\TX@target=\dimen108
\TX@delta=\dimen109
\TX@cols=\count91
\TX@ftn=\toks18
) (./proof_ian.sty
\inferLineSkip=\dimen110
\inferLabelSkip=\dimen111
\@LeftOffset=\dimen112
\@RightOffset=\dimen113
\@SavedLeftOffset=\dimen114
\UpperWidth=\dimen115
\LowerWidth=\dimen116
\LowerHeight=\dimen117
\UpperLeftOffset=\dimen118
\UpperRightOffset=\dimen119
\UpperCenter=\dimen120
\LowerCenter=\dimen121
\UpperAdjust=\dimen122
\RuleAdjust=\dimen123
\LowerAdjust=\dimen124
\RuleWidth=\dimen125
\HLabelAdjust=\dimen126
\VLabelAdjust=\dimen127
\WidthAdjust=\dimen128
\@UpperPart=\box26
\@LowerPart=\box27
\@LabelPart=\box28
\ResultBox=\box29
) (./dream.sty
Package: dream 1997/09/02 img/mrg LaTeX2e package for Dream Group
\WaveFrontSpacing=\skip47

(./pwf.sty
\tx=\count92
\ty=\count93
\drop=\dimen129
) (./dreambib.sty)) (./clam-manual.sty
\c@defn=\count94
\c@remark=\count95
)
(/usr/share/texmf/tex/latex/tools/verbatim.sty
Package: verbatim 2003/08/22 v1.5q LaTeX2e package for verbatim enhancements
\every@verbatim=\toks19
\verbatim@line=\toks20
\verbatim@in@stream=\read1
) (./fancyheadings.sty
\headrulewidth=\dimen130
\footrulewidth=\dimen131
\plainheadrulewidth=\dimen132
\plainfootrulewidth=\dimen133
\headwidth=\dimen134
)
(./supertabular.sty
Package: supertabular 1997/02/20 v4.0c the supertabular environment
\c@tracingst=\count96
\ST@wd=\dimen135
\ST@pageleft=\dimen136
\ST@headht=\dimen137
\ST@tailht=\dimen138
\ST@pagesofar=\dimen139
\ST@pboxht=\dimen140
\ST@lineht=\dimen141
\ST@toadd=\dimen142
\ST@dimen=\dimen143
\ST@pbox=\box30
)
\idxtitle@pred=\toks21
\tf@pred=\write3
\openout3 = `manual.pred-idx'.

Package index Info: Writing index file manual.pred-idx on input line 26.
\idxtitle@mthd=\toks22
\tf@mthd=\write4
\openout4 = `manual.mthd-idx'.

Package index Info: Writing index file manual.mthd-idx on input line 27.
\idxtitle@file=\toks23
\tf@file=\write5
\openout5 = `manual.file-idx'.

Package index Info: Writing index file manual.file-idx on input line 28.
\idxtitle@default=\toks24
\tf@default=\write6
\openout6 = `manual.idx'.

Package index Info: Writing index file manual.idx on input line 29.
 (./manual.aux (./Introduction.aux) (./UserManual.aux)
(./ProgrammerManual.aux) (./general.aux) (./appendix.aux))
\openout1 = `manual.aux'.

LaTeX Font Info:    Checking defaults for OML/cmm/m/it on input line 31.
LaTeX Font Info:    ... okay on input line 31.
LaTeX Font Info:    Checking defaults for T1/cmr/m/n on input line 31.
LaTeX Font Info:    ... okay on input line 31.
LaTeX Font Info:    Checking defaults for OT1/cmr/m/n on input line 31.
LaTeX Font Info:    ... okay on input line 31.
LaTeX Font Info:    Checking defaults for OMS/cmsy/m/n on input line 31.
LaTeX Font Info:    ... okay on input line 31.
LaTeX Font Info:    Checking defaults for OMX/cmex/m/n on input line 31.
LaTeX Font Info:    ... okay on input line 31.
LaTeX Font Info:    Checking defaults for U/cmr/m/n on input line 31.
LaTeX Font Info:    ... okay on input line 31.

(/usr/share/texmf/tex/context/base/supp-pdf.tex
[Loading MPS to PDF converter (version 2006.09.02).]
\scratchcounter=\count97
\scratchdimen=\dimen144
\scratchbox=\box31
\nofMPsegments=\count98
\nofMParguments=\count99
\MPscratchCnt=\count100
\MPscratchDim=\dimen145
\MPnumerator=\count101
\everyMPtoPDFconversion=\toks25
)) (./Titlepage.tex (./header.tex) [1

{/var/lib/texmf/fonts/map/pdftex/updmap/pdftex.map}] [2

] (./footer.tex)) [3] [4

] (./manual.toc
LaTeX Font Info:    External font `cmex10' loaded for size
(Font)              <7> on input line 3.
LaTeX Font Info:    External font `cmex10' loaded for size
(Font)              <5> on input line 3.
 [1

] [2])
\tf@toc=\write7
\openout7 = `manual.toc'.

 [3]
\openout2 = `Introduction.aux'.


(./Introduction.tex (./header.tex) [4


]
Chapter 1.
LaTeX Font Info:    External font `cmex10' loaded for size
(Font)              <8> on input line 48.
LaTeX Font Info:    External font `cmex10' loaded for size
(Font)              <6> on input line 48.
[1]
LaTeX Font Info:    Try loading font information for OMS+cmr on input line 81.
 (/usr/share/texmf/tex/latex/base/omscmr.fd
File: omscmr.fd 1999/05/25 v2.5h Standard LaTeX font definitions
)
LaTeX Font Info:    Font shape `OMS/cmr/m/n' in size <10> not available
(Font)              Font shape `OMS/cmsy/m/n' tried instead on input line 81.
 [2]
Underfull \hbox (badness 2302) in paragraph at lines 217--220
[]\OT1/cmr/m/n/10 The mech-a-nisms used for stor-ing the-o-rems, lem-mas, def-i
-ni-tions etc.
 []

[3] [4] (./footer.tex)) [5]
\openout2 = `UserManual.aux'.

 (./UserManual.tex (./header.tex) [6



] [7] [8]
(./proof-planning.tex (./header.tex)
Chapter 2.
[9

]
File: ../../lib/mthd/eval_def  (verbatim)
 [10] (./method_lang.tex (./header.tex) [11] [12]
Underfull \hbox (badness 1320) in paragraph at lines 144--151
[]\OT1/cmtt/m/n/10 Scheme \OT1/cmr/m/n/10 is actu-ally a descrip-tion of a sub-
sti-tu-tion of terms for uni-ver-
 []


Underfull \hbox (badness 1087) in paragraph at lines 144--151
\OT1/cmtt/m/n/10 Scheme \OT1/cmr/m/n/10 to \OT1/cmtt/m/n/10 G\OT1/cmr/m/n/10 . 
(In con-trast to \OT1/cmtt/m/n/10 induction-suggestion/3[]\OT1/cmr/m/n/10 , whi
ch is oth-er-wise
 []

[13]
Underfull \hbox (badness 3471) in paragraph at lines 221--226
\OT1/cmr/m/n/10 The heuris-tic chooses induc-tion on \OT1/cmtt/m/n/10 a \OT1/cm
r/m/n/10 since that min-i-mizes the num-ber
 []


Underfull \hbox (badness 2035) in paragraph at lines 221--226
\OT1/cmr/m/n/10 of flawed occur-rences.  See also: \OT1/cmtt/m/n/10 unflawed-in
duction-suggestion/3[]\OT1/cmr/m/n/10 ,
 []

[14] [15] [16] [17]
Overfull \hbox (0.89685pt too wide) in paragraph at lines 510--510
[]          \OT1/cmtt/m/n/10 ih:[ihmarker(_,_), v0:plus(s(x),x)=s(plus(x,x)) in
 pnat]]).[] 
 []


Underfull \hbox (badness 1810) in paragraph at lines 519--524
\OT1/cmtt/m/n/10 Hyps \OT1/cmr/m/n/10 is a list of hypoth-e-sis con-tain-ing an
 induc-tive hypoth-e-sis \OT1/cmtt/m/n/10 Hyp \OT1/cmr/m/n/10 hav-
 []


Underfull \hbox (badness 2035) in paragraph at lines 519--524
\OT1/cmr/m/n/10 ing sta-tus \OT1/cmtt/m/n/10 S\OT1/cmr/m/n/10 . (cf. \OMS/cmsy/
m/n/10 x\OT1/cmr/m/n/10 4.5[][] on page 116[][] and \OT1/cmtt/m/n/10 inductive-
hypothesis/5[] \OT1/cmr/m/n/10 and
 []

[18]
Underfull \hbox (badness 3471) in paragraph at lines 622--627
\OT1/cmr/m/n/10 The heuris-tic chooses induc-tion on \OT1/cmtt/m/n/10 a \OT1/cm
r/m/n/10 since that min-i-mizes the num-ber
 []


Underfull \hbox (badness 2035) in paragraph at lines 622--627
\OT1/cmr/m/n/10 of flawed occur-rences.  See also: \OT1/cmtt/m/n/10 unflawed-in
duction-suggestion/3[]\OT1/cmr/m/n/10 ,
 []

[19] [20] [21] [22] [23]
Underfull \hbox (badness 10000) in paragraph at lines 975--977
[]\OT1/cmr/m/n/10 See \OT1/cmtt/m/n/10 reduction-rule/6[]\OT1/cmr/m/n/10 , \OT1
/cmtt/m/n/10 registry/4[] \OT1/cmr/m/n/10 and \OMS/cmsy/m/n/10 x\OT1/cmr/m/n/10
 3.3.1[][] on page 92[][], and
 []

[24] [25] [26] [27] [28]
Overfull \hbox (58.55022pt too wide) in paragraph at lines 1345--1345
\OT1/cmtt/m/n/12 scheme(?SchemeSource,?Sch,+H==>+AnnGoal,?BaseSequents,?StepSeq
uents) 
 []


Underfull \hbox (badness 1019) in paragraph at lines 1384--1390
\OT1/cmtt/m/n/10 Sch \OT1/cmr/m/n/10 would be (assum-ing induc-tion on \OT1/cmt
t/m/n/10 x \OT1/cmr/m/n/10 and \OT1/cmtt/m/n/10 y\OT1/cmr/m/n/10 ) \OT1/cmtt/m/
n/10 [(x:pnat)-s(X), (y:pnat
 []

[29] [30] [31] [32]
Underfull \hbox (badness 10000) in paragraph at lines 1628--1631
\OT1/cmtt/m/n/10 Scheme \OT1/cmr/m/n/10 is an unflawed cas-es-plit for goal \OT
1/cmtt/m/n/10 G \OT1/cmr/m/n/10 in con-text \OT1/cmtt/m/n/10 H\OT1/cmr/m/n/10 .
 See
 []

[33] (./logic-oyster.tex [34])
LaTeX Font Info:    External font `cmex10' loaded for size
(Font)              <12> on input line 1713.
 [35] [36]
Overfull \hbox (0.89685pt too wide) in paragraph at lines 1843--1843
[]\OT1/cmtt/m/n/10 ?-  map_list_history([a,b,c,d],  (X-N):=>L-N, length(X,L), N
ew, [] ). 
 []

[37] [38] [39] [40] (./footer.tex)) [41]
File: ../../lib/mthd/elementary  (verbatim)
 [42]
File: ../../lib/mthd/propositional  (verbatim)
File: ../../lib/mthd/equal  (verbatim)
 [43]
File: ../../lib/mthd/reduction  (verbatim)
 [44]
File: ../../lib/mthd/eval_def  (verbatim)
 [45]
File: ../../lib/mthd/existential  (verbatim)
File: ../../lib/mthd/normalize_term  (verbatim)
 [46]
File: ../../lib/mthd/sym_eval  (verbatim)
 [47]
File: ../../lib/mthd/base_case  (verbatim)
 [48]
File: ../../lib/mthd/wave  (verbatim)

[49]
File: ../../lib/mthd/casesplit  (verbatim)
 [50]
File: ../../lib/mthd/unblock  (verbatim)
 [51] [52] [53]
File: ../../lib/mthd/unblock_lazy  (verbatim)
 [54]
File: ../../lib/mthd/ripple  (verbatim)
File: ../../lib/mthd/cancellation  (verbatim)
 [55]
File: ../../lib/mthd/fertilize  (verbatim)
File: ../../lib/mthd/fertilization_strong  (verbatim)
 [56]
File: ../../lib/mthd/fertilization_weak  (verbatim)
 [57]
File: ../../lib/mthd/fertilize_then_ripple  (verbatim)
File: ../../lib/mthd/ripple_and_cancel  (verbatim)
File: ../../lib/mthd/fertilize_left_or_right  (verbatim)
 [58]
Underfull \hbox (badness 10000) in paragraph at lines 598--614
[] \OT1/cmr/m/n/10 This method, called iter-a-tively from \OT1/cmtt/m/n/10 weak
-fertilize/2[] \OT1/cmr/m/n/10 via
 []


Underfull \hbox (badness 1997) in paragraph at lines 598--614
\OT1/cmtt/m/n/10 weak-fertilize-left/1[] \OT1/cmr/m/n/10 or \OT1/cmtt/m/n/10 we
ak-fertilize-right/1[]\OT1/cmr/m/n/10 ,[] per-forms the actual
 []

File: ../../lib/mthd/weak_fertilize  (verbatim)
[59] [60] [61]
File: ../../lib/mthd/step_case  (verbatim)
 [62] [63]
File: ../../lib/mthd/generalise  (verbatim)
 [64]
File: ../../lib/mthd/induction  (verbatim)
 [65]
File: ../../lib/mthd/ind_strat  (verbatim)
 [66]
File: ../../lib/mthd/identity  (verbatim)
 [67]
File: ../../lib/mthd/apply_lemma  (verbatim)
File: ../../lib/mthd/backchain_lemma  (verbatim)
 [68]
File: ../../lib/mthd/pwf_then_fertilize  (verbatim)
File: ../../lib/mthd/pwf  (verbatim)
 [69] [70]
Overfull \hbox (47.3968pt too wide) in paragraph at lines 863--876
[] 
 []

[71] [72] [73] [74]
Underfull \vbox (badness 2318) has occurred while \output is active []

 [75]
[76] [77] [78] [79] [80] [81] [82] (./footer.tex)) (./tactics_util.tex
(./header.tex) [83] [84] [85] [86]
Chapter 3.
[87

] [88] [89]
Underfull \hbox (badness 1859) in paragraph at lines 261--266
[]\OT1/cmr/m/n/10 Prints when pre-con-di-tions and post-con-di-tions of (sub)me
thods suc-ceed;
 []

[90] [91] [92] [93]
Overfull \hbox (20.64693pt too wide) in paragraph at lines 492--492
 []\OT1/cmtt/m/n/10 Clam WARNING: You must re-load the entire definition to bui
ld these.[] 
 []


Underfull \hbox (badness 10000) in paragraph at lines 537--542
[]\OT1/cmr/m/n/10 A \OT1/cmtt/m/n/10 mthd[] \OT1/cmr/m/n/10 is a Clam method, r
ep-re-sented either as a
 []


Underfull \hbox (badness 10000) in paragraph at lines 537--542
\OT1/cmtt/m/n/10 method/6[] \OT1/cmr/m/n/10 clause, or as an \OT1/cmtt/m/n/10 i
terator/4[] \OT1/cmr/m/n/10 (or \OT1/cmtt/m/n/10 iterator-lazy/4[]\OT1/cmr/m/n/
10 )
 []


Underfull \hbox (badness 10000) in paragraph at lines 537--542
\OT1/cmr/m/n/10 clause of the form \OT1/cmtt/m/n/10 iterator(method,...,...,...
) \OT1/cmr/m/n/10 (or
 []


Underfull \hbox (badness 10000) in paragraph at lines 544--549
[]\OT1/cmr/m/n/10 A \OT1/cmtt/m/n/10 smthd[] \OT1/cmr/m/n/10 is a Clam method, 
rep-re-sented either as a
 []


Underfull \hbox (badness 7064) in paragraph at lines 544--549
\OT1/cmtt/m/n/10 submethod/6[] \OT1/cmr/m/n/10 clause, or as an \OT1/cmtt/m/n/1
0 iterator/4[] \OT1/cmr/m/n/10 (or \OT1/cmtt/m/n/10 iterator-lazy/4[]\OT1/cmr/m
/n/10 )
 []


Underfull \hbox (badness 10000) in paragraph at lines 544--549
\OT1/cmr/m/n/10 clause of the form \OT1/cmtt/m/n/10 iterator(submethod,...,...,
...) \OT1/cmr/m/n/10 (or
 []

[94] [95] [96] [97] [98] [99] [100]
Overfull \hbox (32.39658pt too wide) in paragraph at lines 1046--1046
[]\OT1/cmtt/m/n/10 Clam INFO: Note, need to add code for tactics for commuted w
ave rules soon.[] 
 []


Overfull \hbox (21.89667pt too wide) in paragraph at lines 1047--1047
[]\OT1/cmtt/m/n/10 Clam INFO: Added commuted wave rule (equ(pnat,right)) for eq
uation plus2.[] 
 []


Overfull \hbox (16.64671pt too wide) in paragraph at lines 1048--1048
[]\OT1/cmtt/m/n/10 Clam INFO: Added commuted wave rule (equ(pnat,left)) for equ
ation plus2.[] 
 []


Overfull \hbox (16.64671pt too wide) in paragraph at lines 1049--1049
[]\OT1/cmtt/m/n/10 Clam INFO: Added commuted wave rule (equ(pnat,left)) for equ
ation plus1.[] 
 []

[101]
Overfull \hbox (0.89685pt too wide) in paragraph at lines 1071--1071
[]\OT1/cmtt/m/n/10 Clam INFO: Definition def(geq) has the type of a transitive 
relation.[] 
 []


Underfull \hbox (badness 2990) in paragraph at lines 1123--1128
\OT1/cmr/m/n/10 If the \OT1/cmtt/m/n/10 Pos \OT1/cmr/m/n/10 argu-ment is not sp
ec-i-fied (as in \OT1/cmtt/m/n/10 lib-load(mthd(M),Dir) \OT1/cmr/m/n/10 or
 []

[102] [103] [104]
Underfull \hbox (badness 2837) in paragraph at lines 1294--1299
\OT1/cmr/m/n/10 allows search-ing of user \OT1/cmtt/m/n/10 arthur\OT1/cmr/m/n/1
0 's per-sonal Clam library before the
 []


Underfull \hbox (badness 4254) in paragraph at lines 1294--1299
\OT1/cmr/m/n/10 default library is searched. The default sys-tem library[] may 
be
 []

(./footer.tex)) (./footer.tex)) [105]
\openout2 = `ProgrammerManual.aux'.

 (./ProgrammerManual.tex (./header.tex)
[106



] [107] [108]
Chapter 4.
[109

] [110]
Overfull \hbox (8.41553pt too wide) detected at line 177
[]
 []

[111] [112] [113] [114] [115] [116]
Underfull \hbox (badness 10000) in paragraph at lines 635--638
[]\OT1/cmtt/m/n/10 method(MethodName(...), Input, PreConds, PostConds, Output,
 []


Underfull \hbox (badness 10000) in paragraph at lines 644--647
[]\OT1/cmtt/m/n/10 submethod(SubMethodName(...), Input, PreConds, PostConds,
 []

[117]
Overfull \hbox (10.14702pt too wide) in paragraph at lines 665--667
[]\OT1/cmtt/m/n/10 submethod(SubMethodName([..MethodCalls..]),In,Pre,Post,Out,T
actic) 
 []


Overfull \hbox (25.89688pt too wide) in paragraph at lines 667--668
[]\OT1/cmtt/m/n/10 submethod(SubMethodName([..SubMethodCalls..]),In,Pre,Post,Ou
t,Tactic) 
 []


Underfull \hbox (badness 10000) in paragraph at lines 692--694
[]\OT1/cmtt/m/n/10 load-method/[1;2;3][] \OT1/cmr/m/n/10 and \OT1/cmtt/m/n/10 l
oad-submethod/[1;2;3][] \OT1/cmr/m/n/10 for load-ing a
 []


Underfull \hbox (badness 10000) in paragraph at lines 696--699
[]\OT1/cmtt/m/n/10 delete-method/1[]\OT1/cmr/m/n/10 , \OT1/cmtt/m/n/10 delete-s
ubmethod/1[]\OT1/cmr/m/n/10 , \OT1/cmtt/m/n/10 delete-methods/0[] \OT1/cmr/m/n/
10 and
 []

[118]
Chapter 5.
[119

] [120]
Chapter 6.
[121

] [122] [123] [124] [125] [126] [127] (./footer.tex)) [128]
\openout2 = `general.aux'.

 (./general.tex
(./header.tex)
Appendix A.
[129



] [130]
Underfull \hbox (badness 2237) in paragraph at lines 180--183
[]\OT1/cmr/m/n/10 We assume a set $[]$ of unan-no-tated first-
 []


Underfull \hbox (badness 1742) in paragraph at lines 180--183
\OT1/cmr/m/n/10 order terms over some sig-na-ture $^^F$ (which does not include
 the sym-bols
 []

[131]
Underfull \hbox (badness 3302) in paragraph at lines 249--253
[]\OT1/cmr/m/n/10 Let $\OML/cmm/m/it/10 a$ \OT1/cmr/m/n/10 and $\OML/cmm/m/it/1
0 b$ \OT1/cmr/m/n/10 be $[]$, such that
 []

[132] [133] [134] [135] [136] [137] [138] [139] [140]
Appendix B.
(./footer.tex)) [141

]
\openout2 = `appendix.aux'.

 (./appendix.tex (./header.tex) [142



]
Appendix C.
LaTeX Font Info:    External font `cmex10' loaded for size
(Font)              <9> on input line 11.

Underfull \hbox (badness 2229) in paragraph at lines 30--31
[]\OT1/cmr/m/n/9 The default library direc-tory for sav-ing
 []

[143]
Underfull \hbox (badness 5787) in paragraph at lines 51--52
[]\OT1/cmr/m/n/9 Code for main-tain-ing the (sub)method
 []


Underfull \hbox (badness 2229) in paragraph at lines 91--92
[]\OT1/cmr/m/n/9 Definition of all the con-nec-tives of the
 []


Underfull \hbox (badness 4341) in paragraph at lines 106--108
[]\OT1/cmr/m/n/9 RPOS and mis-cel-la-neous pred-i-cates for
 []


Underfull \vbox (badness 3758) has occurred while \output is active []

 [144]
Underfull \hbox (badness 10000) in paragraph at lines 201--206
[]\OT1/cmr/m/n/10 The library mech-a-nism (\OT1/cmtt/m/n/10 lib-load/[1;2][]\OT
1/cmr/m/n/10 , \OT1/cmtt/m/n/10 lib-present/1[] \OT1/cmr/m/n/10 and
 []

[145] [146]
Underfull \hbox (badness 3291) in paragraph at lines 336--339
[]\OT1/cmtt/m/n/10 snap/[0;1][] \OT1/cmr/m/n/10 which form a com-pro-mise betwe
en the very short
 []

[147] [148]
Underfull \hbox (badness 5787) in paragraph at lines 434--437
[]\OT1/cmtt/m/n/10 base/2[] \OT1/cmr/m/n/10 and \OT1/cmtt/m/n/10 step/2[] \OT1/
cmr/m/n/10 meth-ods have been replaced by \OT1/cmtt/m/n/10 eval-def/2[]\OT1/cmr
/m/n/10 .
 []


Underfull \hbox (badness 1189) in paragraph at lines 434--437
\OT1/cmr/m/n/10 Con-se-quently, meth-ods \OT1/cmtt/m/n/10 base-rule/2[]\OT1/cmr
/m/n/10 , \OT1/cmtt/m/n/10 base-rules/1[]\OT1/cmr/m/n/10 , \OT1/cmtt/m/n/10 ste
p-rule/2[] \OT1/cmr/m/n/10 and
 []


Underfull \hbox (badness 3088) in paragraph at lines 472--478
[]\OT1/cmr/m/n/10 Existential rip-pling [[]] has been imple-mented and con-se-q
uently the
 []

[149]
Underfull \hbox (badness 1142) in paragraph at lines 544--548
[]\OT1/cmr/m/n/10 there is now a []\OT1/cmtt/m/n/10 config/ \OT1/cmr/m/n/10 dir
ec-tory, which con-tains files []\OT1/cmtt/m/n/10 hints.p\OT1/cmr/m/n/10 l,
 []

[150]
Underfull \hbox (badness 6708) in paragraph at lines 604--606
[]\OT1/cmtt/m/n/10 red(plus1right) \OT1/cmr/m/n/10 and \OT1/cmtt/m/n/10 red(plu
s2right) \OT1/cmr/m/n/10 removed from \OT1/cmss/m/n/10 needs.pl[] \OT1/cmr/m/n/
10 for
 []

[151]
Underfull \hbox (badness 1264) in paragraph at lines 686--693
\OT1/cmr/m/n/10 plan-ner: e.g., []\OT1/cmtt/m/n/10 plan_from(idplan_max(10),com
m) \OT1/cmr/m/n/10 will use the plan-ner
 []

[152] [153] [154] [155]
Underfull \hbox (badness 2426) in paragraph at lines 887--890
[]\OT1/cmr/m/n/10 If a rela-tion can be shown to be tran-si-tive, this is recor
ed as a
 []

[156] (./footer.tex)) [157] (./manual.bbl [158


] [159] [160]) [161]
(./manual.mthd-ind
Underfull \hbox (badness 10000) in paragraph at lines 31--32
[]\OT1/cmtt/m/n/10 fertilize-left-or-right/2\OT1/cmr/m/n/10 , \OT1/cmr/bx/n/10 
58\OT1/cmr/m/n/10 ,
 []

[162


]) (./manual.pred-ind
Underfull \hbox (badness 10000) in paragraph at lines 3--4
[]\OT1/cmtt/m/n/10 active-induction-hypothesis/2\OT1/cmr/m/n/10 ,
 []


Underfull \hbox (badness 10000) in paragraph at lines 4--5
[]\OT1/cmtt/m/n/10 active-inductive-hypothesis/2\OT1/cmr/m/n/10 ,
 []


Underfull \hbox (badness 10000) in paragraph at lines 14--15
[]\OT1/cmtt/m/n/10 applicable-anymethod/[1;2;3;4]\OT1/cmr/m/n/10 ,
 []


Underfull \hbox (badness 10000) in paragraph at lines 15--16
[]\OT1/cmtt/m/n/10 applicable-submethod/[1;2;3;4]\OT1/cmr/m/n/10 ,
 []


Underfull \hbox (badness 1924) in paragraph at lines 49--50
[]\OT1/cmtt/m/n/10 casesplit-suggestion/3\OT1/cmr/m/n/10 , \OT1/cmr/bx/n/10 13\
OT1/cmr/m/n/10 , 14,
 []

[163


]
Underfull \hbox (badness 2057) in paragraph at lines 202--203
[]\OT1/cmtt/m/n/10 list-submethods/[0;1]\OT1/cmr/m/n/10 , \OT1/cmr/bx/n/10 42\O
T1/cmr/m/n/10 , 118,
 []

[164]
Underfull \hbox (badness 5217) in paragraph at lines 280--281
[]\OT1/cmtt/m/n/10 print-complementary-sets/1\OT1/cmr/m/n/10 , 14,
 []

[165]
Overfull \hbox (2.35138pt too wide) in paragraph at lines 400--401
[]\OT1/cmtt/m/n/10 unflawed-casesplit-suggestion/3\OT1/cmr/m/n/10 ,
 []


Overfull \hbox (2.35138pt too wide) in paragraph at lines 401--402
[]\OT1/cmtt/m/n/10 unflawed-induction-suggestion/3\OT1/cmr/m/n/10 ,
 []

[166]) (./manual.file-ind
Underfull \hbox (badness 10000) in paragraph at lines 54--55
[]\OT1/cmss/m/n/10 meta-level-support/hint-context.pl\OT1/cmr/m/n/10 ,
 []


Underfull \hbox (badness 10000) in paragraph at lines 59--60
[]\OT1/cmss/m/n/10 meta-level-support/propositional.pl\OT1/cmr/m/n/10 ,
 []


Underfull \hbox (badness 10000) in paragraph at lines 82--83
[]\OT1/cmss/m/n/10 object-level-support/oyster-theory.pl\OT1/cmr/m/n/10 ,
 []

[167



] [168

]) (./manual.ind [169



]
Overfull \hbox (0.85165pt too wide) in paragraph at lines 208--209
[]| \OT1/cmtt/m/n/10 fertilize-left-or-right/2\OT1/cmr/m/n/10 ,
 []


Underfull \hbox (badness 10000) in paragraph at lines 209--210
[]| \OT1/cmtt/m/n/10 fertilize-then-ripple/1\OT1/cmr/m/n/10 ,
 []

[170] [171]
Underfull \hbox (badness 10000) in paragraph at lines 367--368
[]| \OT1/cmr/m/n/10 skele-ton preser-va-tion mod-ulo
 []

[172] [173

]) (./manual.aux (./Introduction.aux) (./UserManual.aux)
(./ProgrammerManual.aux) (./general.aux) (./appendix.aux)) ) 
Here is how much of TeX's memory you used:
 2133 strings out of 256214
 24659 string characters out of 1917000
 90630 words of memory out of 1500000
 5264 multiletter control sequences out of 10000+200000
 16105 words of font info for 57 fonts, out of 1200000 for 2000
 645 hyphenation exceptions out of 8191
 32i,20n,33p,416b,430s stack positions out of 5000i,500n,6000p,200000b,15000s
</usr/share/texmf/f
onts/type1/bluesky/cm/cmbx10.pfb></usr/share/texmf/fonts/type1/bluesky/cm/cmbx1
2.pfb></usr/share/texmf/fonts/type1/bluesky/cm/cmcsc10.pfb></usr/share/texmf/fo
nts/type1/bluesky/cm/cmex10.pfb></usr/share/texmf/fonts/type1/bluesky/cm/cmmi10
.pfb></usr/share/texmf/fonts/type1/bluesky/cm/cmmi5.pfb></usr/share/texmf/fonts
/type1/bluesky/cm/cmmi7.pfb></usr/share/texmf/fonts/type1/bluesky/cm/cmmi8.pfb>
</usr/share/texmf/fonts/type1/bluesky/cm/cmr10.pfb></usr/share/texmf/fonts/type
1/bluesky/cm/cmr12.pfb></usr/share/texmf/fonts/type1/bluesky/cm/cmr5.pfb></usr/
share/texmf/fonts/type1/bluesky/cm/cmr6.pfb></usr/share/texmf/fonts/type1/blues
ky/cm/cmr7.pfb></usr/share/texmf/fonts/type1/bluesky/cm/cmr8.pfb></usr/share/te
xmf/fonts/type1/bluesky/cm/cmr9.pfb></usr/share/texmf/fonts/type1/bluesky/cm/cm
sl10.pfb></usr/share/texmf/fonts/type1/bluesky/cm/cmss10.pfb></usr/share/texmf/
fonts/type1/bluesky/cm/cmss8.pfb></usr/share/texmf/fonts/type1/bluesky/cm/cmss9
.pfb></usr/share/texmf/fonts/type1/bluesky/cm/cmsy10.pfb></usr/share/texmf/font
s/type1/bluesky/cm/cmsy5.pfb></usr/share/texmf/fonts/type1/bluesky/cm/cmsy7.pfb
></usr/share/texmf/fonts/type1/bluesky/cm/cmti10.pfb></usr/share/texmf/fonts/ty
pe1/bluesky/cm/cmti12.pfb></usr/share/texmf/fonts/type1/bluesky/cm/cmti8.pfb></
usr/share/texmf/fonts/type1/bluesky/cm/cmtt10.pfb></usr/share/texmf/fonts/type1
/bluesky/cm/cmtt12.pfb></usr/share/texmf/fonts/type1/bluesky/cm/cmtt8.pfb></usr
/share/texmf/fonts/type1/bluesky/cm/cmtt9.pfb>
Output written on manual.pdf (181 pages, 770062 bytes).
PDF statistics:
 699 PDF objects out of 1000 (max. 8388607)
 0 named destinations out of 1000 (max. 131072)
 1 words of extra memory for PDF output out of 10000 (max. 10000000)

